
> omar-zaghloul-portfolio@0.0.1 build
> astro build

01:16:54 [types] Generated 1.07s
01:16:54 [build] output: "static"
01:16:54 [build] directory: C:\Users\omarh\OneDrive - Kadir Has University\Belgeler\GITHUB\Omar-Zaghloul-Portfolio\dist\
01:16:54 [build] Collecting build info...
01:16:54 [build] âś“ Completed in 1.33s.
01:16:54 [build] Building static entrypoints...
01:16:58 [vite] [32mâś“ built in 3.79s[39m
01:16:58 [build] âś“ Completed in 3.88s.

 building client (vite) 
01:16:58 [vite] transforming...
01:16:59 [vite] [32mâś“[39m 23 modules transformed.
01:16:59 [vite] rendering chunks...
01:16:59 [vite] computing gzip size...
01:16:59 [vite] [2mdist/[22m[36m_astro/hoisted.Py2ZK6GU.js                                               [39m[1m[2m  0.85 kB[22m[1m[22m[2m â”‚ gzip:  0.46 kB[22m
01:16:59 [vite] [2mdist/[22m[36m_astro/hoisted.BhK0AAGc.js                                               [39m[1m[2m  2.37 kB[22m[1m[22m[2m â”‚ gzip:  0.83 kB[22m
01:16:59 [vite] [2mdist/[22m[36m_astro/ViewTransitions.astro_astro_type_script_index_0_lang.8wKregdI.js  [39m[1m[2m130.09 kB[22m[1m[22m[2m â”‚ gzip: 50.42 kB[22m
01:16:59 [vite] [32mâś“ built in 1.28s[39m

 generating static routes 
01:16:59 â–¶ src/pages/projects/[slug].astro
01:16:59   â”śâ”€ /projects/oncoflow/index.html (+35ms)
01:16:59   â”śâ”€ /projects/altinkapi/index.html (+8ms)
01:16:59   â”śâ”€ /projects/educounsellor/index.html (+8ms)
01:16:59   â”śâ”€ /projects/spotter/index.html (+7ms)
01:16:59   â””â”€ /projects/reverse-swing/index.html (+8ms)
01:16:59 â–¶ src/pages/index.astro
01:16:59   â””â”€ /index.html (+13ms)
01:16:59 âś“ Completed in 143ms.

 generating optimized images 
01:16:59   â–¶ /_astro/Oncoflow.bgmxpaTU_ZlEnan.webp (reused cache entry) (+3ms) (1/15)
01:16:59   â–¶ /_astro/Oncoflow.bgmxpaTU_Z1p61YJ.webp (reused cache entry) (+3ms) (2/15)
01:16:59   â–¶ /_astro/Oncoflow.bgmxpaTU_1F9KiR.webp (reused cache entry) (+3ms) (3/15)
01:16:59   â–¶ /_astro/Altinkapi.DRW2mcjD_Z1q3wic.webp (reused cache entry) (+2ms) (4/15)
01:16:59   â–¶ /_astro/Altinkapi.DRW2mcjD_FBMcR.webp (reused cache entry) (+3ms) (5/15)
01:16:59   â–¶ /_astro/Altinkapi.DRW2mcjD_Z15eevF.webp (reused cache entry) (+2ms) (6/15)
01:16:59   â–¶ /_astro/Educounselor.BC4ztY9B_Z2hVcCo.webp (reused cache entry) (+3ms) (7/15)
01:16:59   â–¶ /_astro/Educounselor.BC4ztY9B_Z1OKgL3.webp (reused cache entry) (+2ms) (8/15)
01:16:59   â–¶ /_astro/Educounselor.BC4ztY9B_1TONpk.webp (reused cache entry) (+2ms) (9/15)
01:16:59   â–¶ /_astro/Spotter.BUyZFXIe_Z1Po9W0.webp (reused cache entry) (+3ms) (10/15)
01:16:59   â–¶ /_astro/Spotter.BUyZFXIe_liBeQ.webp (reused cache entry) (+3ms) (11/15)
01:16:59   â–¶ /_astro/Spotter.BUyZFXIe_1LzLU1.webp (reused cache entry) (+3ms) (12/15)
01:16:59   â–¶ /_astro/Reverse-Swing.AbkNM9gy_Z1PAuly.webp (reused cache entry) (+2ms) (13/15)
01:16:59   â–¶ /_astro/Reverse-Swing.AbkNM9gy_ZjGjV1.webp (reused cache entry) (+3ms) (14/15)
01:16:59   â–¶ /_astro/Reverse-Swing.AbkNM9gy_zP1IK.webp (reused cache entry) (+3ms) (15/15)
01:16:59 âś“ Completed in 46ms.

Cannot read properties of undefined (reading 'reduce')
  Location:
    C:\Users\omarh\OneDrive - Kadir Has University\Belgeler\GITHUB\Omar-Zaghloul-Portfolio\node_modules\@astrojs\sitemap\dist\index.js:85:37
  Stack trace:
    at astro:build:done (file:///C:/Users/omarh/OneDrive%20-%20Kadir%20Has%20University/Belgeler/GITHUB/Omar-Zaghloul-Portfolio/node_modules/@astrojs/sitemap/dist/index.js:85:37)
    at async AstroBuilder.build (file:///C:/Users/omarh/OneDrive%20-%20Kadir%20Has%20University/Belgeler/GITHUB/Omar-Zaghloul-Portfolio/node_modules/astro/dist/core/build/index.js:159:5)
    at async build (file:///C:/Users/omarh/OneDrive%20-%20Kadir%20Has%20University/Belgeler/GITHUB/Omar-Zaghloul-Portfolio/node_modules/astro/dist/core/build/index.js:51:3)
    at async runCommand (file:///C:/Users/omarh/OneDrive%20-%20Kadir%20Has%20University/Belgeler/GITHUB/Omar-Zaghloul-Portfolio/node_modules/astro/dist/cli/index.js:147:7)
